info  Running SUSHI v3.3.2 (implements FHIR Shorthand specification v3.0.0-ballot)
info  Arguments:
info    /home/nly98977/SwArchives/hl7-mapping-extension-generator/result/R5toR4
info  No output path specified. Output to .
info  Using configuration file: /home/nly98977/SwArchives/hl7-mapping-extension-generator/result/R5toR4/sushi-config.yaml
info  Importing FSH text...
error mismatched input 'http://dicom.nema.org/medical/dicom/current/output/chtml/part04/sect_B.5.html#table_B.5-1' expecting {'MS', 'SU', 'TU', 'N', 'D', 'codes', 'valueset', 'system', NUMBER, SEQUENCE}
  File: /home/nly98977/SwArchives/hl7-mapping-extension-generator/result/R5toR4/input/fsh/ImagingSelectionInstance.fsh
  Line: 12
error mismatched input 'http://dicom.nema.org/medical/dicom/current/output/chtml/part04/sect_B.5.html#table_B.5-1' expecting {'MS', 'SU', 'TU', 'N', 'D', 'codes', 'valueset', 'system', NUMBER, SEQUENCE}
  File: /home/nly98977/SwArchives/hl7-mapping-extension-generator/result/R5toR4/input/fsh/ImagingSelectionInstanceSopClass.fsh
  Line: 6
error mismatched input 'http://dicom.nema.org/medical/dicom/current/output/chtml/part04/sect_B.5.html#table_B.5-1' expecting {'MS', 'SU', 'TU', 'N', 'D', 'codes', 'valueset', 'system', NUMBER, SEQUENCE}
  File: /home/nly98977/SwArchives/hl7-mapping-extension-generator/result/R5toR4/input/fsh/ImagingStudySeries.fsh
  Line: 15
error mismatched input 'http://dicom.nema.org/medical/dicom/current/output/chtml/part04/sect_B.5.html#table_B.5-1' expecting {'MS', 'SU', 'TU', 'N', 'D', 'codes', 'valueset', 'system', NUMBER, SEQUENCE}
  File: /home/nly98977/SwArchives/hl7-mapping-extension-generator/result/R5toR4/input/fsh/ImagingStudySeriesInstance.fsh
  Line: 13
error mismatched input 'http://dicom.nema.org/medical/dicom/current/output/chtml/part04/sect_B.5.html#table_B.5-1' expecting {'MS', 'SU', 'TU', 'N', 'D', 'codes', 'valueset', 'system', NUMBER, SEQUENCE}
  File: /home/nly98977/SwArchives/hl7-mapping-extension-generator/result/R5toR4/input/fsh/ImagingStudySeriesInstanceSopClass.fsh
  Line: 7
error mismatched input 'contentReference' expecting {'MS', 'SU', 'TU', 'N', 'D', 'codes', 'valueset', 'system', NUMBER, SEQUENCE}
  File: /home/nly98977/SwArchives/hl7-mapping-extension-generator/result/R5toR4/input/fsh/StructureDefinitionDifferential.fsh
  Line: 12
error mismatched input 'contentReference' expecting {'MS', 'SU', 'TU', 'N', 'D', 'codes', 'valueset', 'system', NUMBER, SEQUENCE}
  File: /home/nly98977/SwArchives/hl7-mapping-extension-generator/result/R5toR4/input/fsh/StructureDefinitionDifferentialElement.fsh
  Line: 8
error mismatched input 'contentReference' expecting {'MS', 'SU', 'TU', 'N', 'D', 'codes', 'valueset', 'system', NUMBER, SEQUENCE}
  File: /home/nly98977/SwArchives/hl7-mapping-extension-generator/result/R5toR4/input/fsh/StructureDefinitionSnapshot.fsh
  Line: 12
error mismatched input 'contentReference' expecting {'MS', 'SU', 'TU', 'N', 'D', 'codes', 'valueset', 'system', NUMBER, SEQUENCE}
  File: /home/nly98977/SwArchives/hl7-mapping-extension-generator/result/R5toR4/input/fsh/StructureDefinitionSnapshotElement.fsh
  Line: 8
info  Preprocessed 7449 documents with 0 aliases.
info  Imported 7449 definitions and 0 instances.
info  Checking /home/nly98977/.fhir/packages for hl7.fhir.uv.tools#current...
info  Found hl7.fhir.uv.tools#current in /home/nly98977/.fhir/packages.
info  Loaded package hl7.fhir.uv.tools#current
info  Checking /home/nly98977/.fhir/packages for hl7.terminology.r4#5.0.0...
info  Found hl7.terminology.r4#5.0.0 in /home/nly98977/.fhir/packages.
info  Loaded package hl7.terminology.r4#5.0.0
info  Checking /home/nly98977/.fhir/packages for hl7.fhir.r4.core#4.0.1...
info  Found hl7.fhir.r4.core#4.0.1 in /home/nly98977/.fhir/packages.
info  Loaded package hl7.fhir.r4.core#4.0.1
info  Converting FSH to FHIR resources...
error The string "extension-AdministrableProductDefinition.routeOfAdministration.code" does not represent a valid FHIR id. FHIR ids only allow ASCII letters (A-Z, a-z), numbers (0-9), hyphens (-), and dots (.), with a length limit of 64 characters.
  File: /home/nly98977/SwArchives/hl7-mapping-extension-generator/result/R5toR4/input/fsh/AdministrableProductDefinitionRouteOfAdministrationCode.fsh
  Line: 1 - 6
error The string "extension-AdministrableProductDefinition.routeOfAdministration.firstDose" does not represent a valid FHIR id. FHIR ids only allow ASCII letters (A-Z, a-z), numbers (0-9), hyphens (-), and dots (.), with a length limit of 64 characters.
  File: /home/nly98977/SwArchives/hl7-mapping-extension-generator/result/R5toR4/input/fsh/AdministrableProductDefinitionRouteOfAdministrationFirstDose.fsh
  Line: 1 - 5
error The string "extension-AdministrableProductDefinition.routeOfAdministration.id" does not represent a valid FHIR id. FHIR ids only allow ASCII letters (A-Z, a-z), numbers (0-9), hyphens (-), and dots (.), with a length limit of 64 characters.
  File: /home/nly98977/SwArchives/hl7-mapping-extension-generator/result/R5toR4/input/fsh/AdministrableProductDefinitionRouteOfAdministrationId.fsh
  Line: 1 - 5
error The string "extension-AdministrableProductDefinition.routeOfAdministration.maxDosePerDay" does not represent a valid FHIR id. FHIR ids only allow ASCII letters (A-Z, a-z), numbers (0-9), hyphens (-), and dots (.), with a length limit of 64 characters.
  File: /home/nly98977/SwArchives/hl7-mapping-extension-generator/result/R5toR4/input/fsh/AdministrableProductDefinitionRouteOfAdministrationMaxDosePerDay.fsh
  Line: 1 - 5
error The string "extension-AdministrableProductDefinition.routeOfAdministration.maxDosePerTreatmentPeriod" does not represent a valid FHIR id. FHIR ids only allow ASCII letters (A-Z, a-z), numbers (0-9), hyphens (-), and dots (.), with a length limit of 64 characters.
  File: /home/nly98977/SwArchives/hl7-mapping-extension-generator/result/R5toR4/input/fsh/AdministrableProductDefinitionRouteOfAdministrationMaxDosePerTreatmentPeriod.fsh
  Line: 1 - 5
